<?xml version="1.0" encoding="UTF-8" ?>
<testsuite tests="6" failures="0" name="TestSuite" time="2.569" errors="0" skipped="0">
  <properties>
    <property name="jmockit-instrumentation" value="null"/>
    <property name="java.runtime.name" value="Java(TM) SE Runtime Environment"/>
    <property name="sun.boot.library.path" value="C:\Program Files\Java\jdk1.8.0_171\jre\bin"/>
    <property name="java.vm.version" value="25.171-b11"/>
    <property name="java.vm.vendor" value="Oracle Corporation"/>
    <property name="java.vendor.url" value="http://java.oracle.com/"/>
    <property name="path.separator" value=";"/>
    <property name="java.vm.name" value="Java HotSpot(TM) 64-Bit Server VM"/>
    <property name="file.encoding.pkg" value="sun.io"/>
    <property name="user.script" value=""/>
    <property name="user.country" value="CN"/>
    <property name="sun.java.launcher" value="SUN_STANDARD"/>
    <property name="sun.os.patch.level" value=""/>
    <property name="java.vm.specification.name" value="Java Virtual Machine Specification"/>
    <property name="user.dir" value="C:\Users\hhx40\project\test4Demo2\test4Demo\test4Demo"/>
    <property name="java.runtime.version" value="1.8.0_171-b11"/>
    <property name="java.awt.graphicsenv" value="sun.awt.Win32GraphicsEnvironment"/>
    <property name="basedir" value="C:\Users\hhx40\project\test4Demo2\test4Demo\test4Demo"/>
    <property name="java.endorsed.dirs" value="C:\Program Files\Java\jdk1.8.0_171\jre\lib\endorsed"/>
    <property name="os.arch" value="amd64"/>
    <property name="surefire.real.class.path" value="C:\Users\hhx40\AppData\Local\Temp\surefirebooter4936036998954898472.jar"/>
    <property name="java.io.tmpdir" value="C:\Users\hhx40\AppData\Local\Temp\"/>
    <property name="line.separator" value="
"/>
    <property name="java.vm.specification.vendor" value="Oracle Corporation"/>
    <property name="user.variant" value=""/>
    <property name="os.name" value="Windows 10"/>
    <property name="sun.jnu.encoding" value="GBK"/>
    <property name="java.library.path" value="C:\Program Files\Java\jdk1.8.0_171\jre\bin;C:\WINDOWS\Sun\Java\bin;C:\WINDOWS\system32;C:\WINDOWS;C:\Program Files (x86)\Common Files\Oracle\Java\javapath;C:\Program Files (x86)\Intel\iCLS Client\;C:\Program Files\Intel\iCLS Client\;C:\WINDOWS\system32;C:\WINDOWS;C:\WINDOWS\System32\Wbem;C:\WINDOWS\System32\WindowsPowerShell\v1.0\;C:\Program Files (x86)\Intel\Intel(R) Management Engine Components\DAL;C:\Program Files\Intel\Intel(R) Management Engine Components\DAL;C:\Program Files (x86)\Intel\Intel(R) Management Engine Components\IPT;C:\Program Files\Intel\Intel(R) Management Engine Components\IPT;C:\Program Files\Java\jdk1.8.0_171\bin;C:\Program Files\Java\jre1.8.0_171\bin;%CATALINA_HOME%\lib;%CATALINA_HOME%\bin;C:\Users\hhx40\mysql-5.7.22-winx64\bin;C:\Program Files\Git\cmd;C:\Users\hhx40\apache-maven-3.5.0\bin;C:\WINDOWS\System32\OpenSSH\;C:\Program Files\nodejs\;C:\Users\hhx40\zookeeper-3.4.13\bin;C:\Python27;C:\Python27\Scripts;C:\Users\hhx40\AppData\Local\Microsoft\WindowsApps;;C:\Users\hhx40\AppData\Local\Programs\Fiddler;C:\Users\hhx40\AppData\Roaming\npm;C:\Users\hhx40\AppData\Local\Programs\Microsoft VS Code\bin;."/>
    <property name="surefire.test.class.path" value="C:\Users\hhx40\project\test4Demo2\test4Demo\test4Demo\target\test-classes;C:\Users\hhx40\project\test4Demo2\test4Demo\test4Demo\target\classes;C:\Users\hhx40\.m2\repository\org\test4j\test4j.testng\2.0.7\test4j.testng-2.0.7.jar;C:\Users\hhx40\.m2\repository\org\testng\testng\6.8\testng-6.8.jar;C:\Users\hhx40\.m2\repository\com\beust\jcommander\1.27\jcommander-1.27.jar;C:\Users\hhx40\.m2\repository\org\test4j\test4j.core\2.0.7\test4j.core-2.0.7.jar;C:\Users\hhx40\.m2\repository\org\test4j\test4j.nodep\2.0.7\test4j.nodep-2.0.7.jar;C:\Users\hhx40\.m2\repository\org\test4j\test4j.integrated\2.0.7\test4j.integrated-2.0.7.jar;C:\Users\hhx40\.m2\repository\org\test4j\test4j.spec\2.0.7\test4j.spec-2.0.7.jar;C:\Users\hhx40\.m2\repository\org\slf4j\slf4j-api\1.4.1\slf4j-api-1.4.1.jar;C:\Users\hhx40\.m2\repository\log4j\log4j\1.2.11\log4j-1.2.11.jar;C:\Users\hhx40\.m2\repository\org\slf4j\slf4j-log4j12\1.4.1\slf4j-log4j12-1.4.1.jar;C:\Users\hhx40\.m2\repository\org\apache\httpcomponents\httpclient\4.5.2\httpclient-4.5.2.jar;C:\Users\hhx40\.m2\repository\org\apache\httpcomponents\httpcore\4.4.4\httpcore-4.4.4.jar;C:\Users\hhx40\.m2\repository\commons-logging\commons-logging\1.2\commons-logging-1.2.jar;C:\Users\hhx40\.m2\repository\commons-lang\commons-lang\2.6\commons-lang-2.6.jar;C:\Users\hhx40\.m2\repository\commons-io\commons-io\1.3.2\commons-io-1.3.2.jar;C:\Users\hhx40\.m2\repository\commons-codec\commons-codec\1.6\commons-codec-1.6.jar;C:\Users\hhx40\.m2\repository\com\jayway\jsonpath\json-path\2.2.0\json-path-2.2.0.jar;C:\Users\hhx40\.m2\repository\net\minidev\json-smart\2.2.1\json-smart-2.2.1.jar;C:\Users\hhx40\.m2\repository\net\minidev\accessors-smart\1.1\accessors-smart-1.1.jar;C:\Users\hhx40\.m2\repository\org\ow2\asm\asm\5.0.3\asm-5.0.3.jar;C:\Users\hhx40\.m2\repository\com\alibaba\fastjson\1.2.49\fastjson-1.2.49.jar;C:\Users\hhx40\.m2\repository\org\projectlombok\lombok\1.18.2\lombok-1.18.2.jar;C:\Users\hhx40\.m2\repository\org\mybatis\mybatis\3.4.6\mybatis-3.4.6.jar;C:\Users\hhx40\.m2\repository\com\aventstack\extentreports\3.0.3\extentreports-3.0.3.jar;C:\Users\hhx40\.m2\repository\org\freemarker\freemarker\2.3.23\freemarker-2.3.23.jar;C:\Users\hhx40\.m2\repository\org\mongodb\mongodb-driver\3.3.0\mongodb-driver-3.3.0.jar;C:\Users\hhx40\.m2\repository\org\mongodb\bson\3.3.0\bson-3.3.0.jar;C:\Users\hhx40\.m2\repository\org\mongodb\mongodb-driver-core\3.3.0\mongodb-driver-core-3.3.0.jar;C:\Users\hhx40\.m2\repository\org\apache\httpcomponents\httpmime\4.5.2\httpmime-4.5.2.jar;C:\Users\hhx40\.m2\repository\org\jsoup\jsoup\1.9.2\jsoup-1.9.2.jar;C:\Users\hhx40\.m2\repository\org\uncommons\reportng\1.1.4\reportng-1.1.4.jar;C:\Users\hhx40\.m2\repository\velocity\velocity\1.4\velocity-1.4.jar;C:\Users\hhx40\.m2\repository\velocity\velocity-dep\1.4\velocity-dep-1.4.jar;C:\Users\hhx40\.m2\repository\com\google\inject\guice\3.0\guice-3.0.jar;C:\Users\hhx40\.m2\repository\javax\inject\javax.inject\1\javax.inject-1.jar;C:\Users\hhx40\.m2\repository\aopalliance\aopalliance\1.0\aopalliance-1.0.jar;C:\Users\hhx40\.m2\repository\mysql\mysql-connector-java\5.1.47\mysql-connector-java-5.1.47.jar;"/>
    <property name="java.specification.name" value="Java Platform API Specification"/>
    <property name="java.class.version" value="52.0"/>
    <property name="sun.management.compiler" value="HotSpot 64-Bit Tiered Compilers"/>
    <property name="os.version" value="10.0"/>
    <property name="user.home" value="C:\Users\hhx40"/>
    <property name="user.timezone" value="Asia/Shanghai"/>
    <property name="java.awt.printerjob" value="sun.awt.windows.WPrinterJob"/>
    <property name="java.specification.version" value="1.8"/>
    <property name="file.encoding" value="UTF-8"/>
    <property name="user.name" value="hhx40"/>
    <property name="java.class.path" value="C:\Users\hhx40\project\test4Demo2\test4Demo\test4Demo\target\test-classes;C:\Users\hhx40\project\test4Demo2\test4Demo\test4Demo\target\classes;C:\Users\hhx40\.m2\repository\org\test4j\test4j.testng\2.0.7\test4j.testng-2.0.7.jar;C:\Users\hhx40\.m2\repository\org\testng\testng\6.8\testng-6.8.jar;C:\Users\hhx40\.m2\repository\com\beust\jcommander\1.27\jcommander-1.27.jar;C:\Users\hhx40\.m2\repository\org\test4j\test4j.core\2.0.7\test4j.core-2.0.7.jar;C:\Users\hhx40\.m2\repository\org\test4j\test4j.nodep\2.0.7\test4j.nodep-2.0.7.jar;C:\Users\hhx40\.m2\repository\org\test4j\test4j.integrated\2.0.7\test4j.integrated-2.0.7.jar;C:\Users\hhx40\.m2\repository\org\test4j\test4j.spec\2.0.7\test4j.spec-2.0.7.jar;C:\Users\hhx40\.m2\repository\org\slf4j\slf4j-api\1.4.1\slf4j-api-1.4.1.jar;C:\Users\hhx40\.m2\repository\log4j\log4j\1.2.11\log4j-1.2.11.jar;C:\Users\hhx40\.m2\repository\org\slf4j\slf4j-log4j12\1.4.1\slf4j-log4j12-1.4.1.jar;C:\Users\hhx40\.m2\repository\org\apache\httpcomponents\httpclient\4.5.2\httpclient-4.5.2.jar;C:\Users\hhx40\.m2\repository\org\apache\httpcomponents\httpcore\4.4.4\httpcore-4.4.4.jar;C:\Users\hhx40\.m2\repository\commons-logging\commons-logging\1.2\commons-logging-1.2.jar;C:\Users\hhx40\.m2\repository\commons-lang\commons-lang\2.6\commons-lang-2.6.jar;C:\Users\hhx40\.m2\repository\commons-io\commons-io\1.3.2\commons-io-1.3.2.jar;C:\Users\hhx40\.m2\repository\commons-codec\commons-codec\1.6\commons-codec-1.6.jar;C:\Users\hhx40\.m2\repository\com\jayway\jsonpath\json-path\2.2.0\json-path-2.2.0.jar;C:\Users\hhx40\.m2\repository\net\minidev\json-smart\2.2.1\json-smart-2.2.1.jar;C:\Users\hhx40\.m2\repository\net\minidev\accessors-smart\1.1\accessors-smart-1.1.jar;C:\Users\hhx40\.m2\repository\org\ow2\asm\asm\5.0.3\asm-5.0.3.jar;C:\Users\hhx40\.m2\repository\com\alibaba\fastjson\1.2.49\fastjson-1.2.49.jar;C:\Users\hhx40\.m2\repository\org\projectlombok\lombok\1.18.2\lombok-1.18.2.jar;C:\Users\hhx40\.m2\repository\org\mybatis\mybatis\3.4.6\mybatis-3.4.6.jar;C:\Users\hhx40\.m2\repository\com\aventstack\extentreports\3.0.3\extentreports-3.0.3.jar;C:\Users\hhx40\.m2\repository\org\freemarker\freemarker\2.3.23\freemarker-2.3.23.jar;C:\Users\hhx40\.m2\repository\org\mongodb\mongodb-driver\3.3.0\mongodb-driver-3.3.0.jar;C:\Users\hhx40\.m2\repository\org\mongodb\bson\3.3.0\bson-3.3.0.jar;C:\Users\hhx40\.m2\repository\org\mongodb\mongodb-driver-core\3.3.0\mongodb-driver-core-3.3.0.jar;C:\Users\hhx40\.m2\repository\org\apache\httpcomponents\httpmime\4.5.2\httpmime-4.5.2.jar;C:\Users\hhx40\.m2\repository\org\jsoup\jsoup\1.9.2\jsoup-1.9.2.jar;C:\Users\hhx40\.m2\repository\org\uncommons\reportng\1.1.4\reportng-1.1.4.jar;C:\Users\hhx40\.m2\repository\velocity\velocity\1.4\velocity-1.4.jar;C:\Users\hhx40\.m2\repository\velocity\velocity-dep\1.4\velocity-dep-1.4.jar;C:\Users\hhx40\.m2\repository\com\google\inject\guice\3.0\guice-3.0.jar;C:\Users\hhx40\.m2\repository\javax\inject\javax.inject\1\javax.inject-1.jar;C:\Users\hhx40\.m2\repository\aopalliance\aopalliance\1.0\aopalliance-1.0.jar;C:\Users\hhx40\.m2\repository\mysql\mysql-connector-java\5.1.47\mysql-connector-java-5.1.47.jar;"/>
    <property name="java.vm.specification.version" value="1.8"/>
    <property name="sun.arch.data.model" value="64"/>
    <property name="java.home" value="C:\Program Files\Java\jdk1.8.0_171\jre"/>
    <property name="sun.java.command" value="C:\Users\hhx40\AppData\Local\Temp\surefirebooter4936036998954898472.jar C:\Users\hhx40\AppData\Local\Temp\surefire1966234180906264033tmp C:\Users\hhx40\AppData\Local\Temp\surefire2619190133002754561tmp"/>
    <property name="java.specification.vendor" value="Oracle Corporation"/>
    <property name="user.language" value="zh"/>
    <property name="awt.toolkit" value="sun.awt.windows.WToolkit"/>
    <property name="java.vm.info" value="mixed mode"/>
    <property name="java.version" value="1.8.0_171"/>
    <property name="java.ext.dirs" value="C:\Program Files\Java\jdk1.8.0_171\jre\lib\ext;C:\WINDOWS\Sun\Java\lib\ext"/>
    <property name="sun.boot.class.path" value="C:\Program Files\Java\jdk1.8.0_171\jre\lib\resources.jar;C:\Program Files\Java\jdk1.8.0_171\jre\lib\rt.jar;C:\Program Files\Java\jdk1.8.0_171\jre\lib\sunrsasign.jar;C:\Program Files\Java\jdk1.8.0_171\jre\lib\jsse.jar;C:\Program Files\Java\jdk1.8.0_171\jre\lib\jce.jar;C:\Program Files\Java\jdk1.8.0_171\jre\lib\charsets.jar;C:\Program Files\Java\jdk1.8.0_171\jre\lib\jfr.jar;C:\Program Files\Java\jdk1.8.0_171\jre\classes"/>
    <property name="java.vendor" value="Oracle Corporation"/>
    <property name="localRepository" value="C:\Users\hhx40\.m2\repository"/>
    <property name="file.separator" value="\"/>
    <property name="java.vendor.url.bug" value="http://bugreport.sun.com/bugreport/"/>
    <property name="sun.cpu.endian" value="little"/>
    <property name="sun.io.unicode.encoding" value="UnicodeLittle"/>
    <property name="sun.desktop" value="windows"/>
    <property name="sun.cpu.isalist" value="amd64"/>
  </properties>
  <testcase classname="sence.createServerTest" name="runScenario" time="1.152"/>
  <testcase classname="sence.createServerTest" name="runScenario" time="0.049"/>
  <testcase classname="sence.loginTest" name="runScenario" time="0.016"/>
  <testcase classname="sence.loginTest" name="runScenario" time="0.015"/>
  <testcase classname="sence.loginTest" name="runScenario" time="0.012"/>
  <testcase classname="sence.loginTest" name="runScenario" time="0.013"/>
</testsuite>