<?xml version="1.0" encoding="UTF-8"?>
<!-- Generated by org.testng.reporters.JUnitReportReporter -->
<testsuite hostname="DESKTOP-1LE36FS" name="sence.loginTest" tests="4" failures="0" timestamp="19 Aug 2019 07:09:43 GMT" time="0.063" errors="0">
  <testcase name="runScenario" time="0.014" classname="sence.loginTest"/>
  <testcase name="runScenario" time="0.019" classname="sence.loginTest"/>
  <testcase name="runScenario" time="0.018" classname="sence.loginTest"/>
  <testcase name="runScenario" time="0.012" classname="sence.loginTest"/>
</testsuite> <!-- sence.loginTest -->
