<?xml version="1.0" encoding="UTF-8"?>
<!-- Generated by org.testng.reporters.JUnitReportReporter -->
<testsuite hostname="DESKTOP-1LE36FS" name="sence.createServerTest" tests="2" failures="0" timestamp="19 Aug 2019 02:31:44 GMT" time="1.425" errors="0">
  <testcase name="runScenario" time="1.371" classname="sence.createServerTest"/>
  <testcase name="runScenario" time="0.054" classname="sence.createServerTest"/>
</testsuite> <!-- sence.createServerTest -->
